<?xml version="1.0" encoding="UTF-8"?>
<!-- Generated by org.testng.reporters.JUnitXMLReporter -->
<testsuite hostname="THAKUR" ignored="0" name="Command line test" tests="2" failures="0" timestamp="20 Jun 2018 13:47:00 GMT" time="12.105" errors="0">
  <testcase name="f" time="2.486" classname="com.automationpractice.testcases.LoginPageTest"/>
  <testcase name="createAccountTest" time="0.0" classname="com.automationpractice.testcases.RegistrationPageTest">
    <skipped/>
  </testcase> <!-- createAccountTest -->
</testsuite> <!-- Command line test -->
