<?xml version="1.0" encoding="UTF-8"?>
<!-- Generated by org.testng.reporters.JUnitXMLReporter -->
<testsuite hostname="THAKUR" ignored="0" name="Default test" tests="6" failures="0" timestamp="20 Jun 2018 10:31:19 GMT" time="97.268" errors="0">
  <testcase name="createAccountTest" time="7.368" classname="com.automationpractice.testcases.RegistrationPageTest"/>
  <testcase name="createAccountTest" time="6.875" classname="com.automationpractice.testcases.RegistrationPageTest"/>
  <testcase name="createAccountTest" time="6.519" classname="com.automationpractice.testcases.RegistrationPageTest"/>
  <testcase name="createAccountTest" time="7.251" classname="com.automationpractice.testcases.RegistrationPageTest"/>
  <testcase name="createAccountTest" time="7.436" classname="com.automationpractice.testcases.RegistrationPageTest"/>
  <testcase name="createAccountTest" time="7.145" classname="com.automationpractice.testcases.RegistrationPageTest"/>
</testsuite> <!-- Default test -->
