<?xml version="1.0" encoding="UTF-8"?>
<testng-results skipped="0" failed="0" ignored="0" total="6" passed="6">
  <reporter-output>
  </reporter-output>
  <suite name="Default suite" duration-ms="97268" started-at="2018-06-20T10:29:42Z" finished-at="2018-06-20T10:31:19Z">
    <groups>
    </groups>
    <test name="Default test" duration-ms="97268" started-at="2018-06-20T10:29:42Z" finished-at="2018-06-20T10:31:19Z">
      <class name="com.automationpractice.testcases.RegistrationPageTest">
        <test-method status="PASS" signature="setup()[pri:0, instance:com.automationpractice.testcases.RegistrationPageTest@5622fdf]" name="setup" is-config="true" duration-ms="7593" started-at="2018-06-20T10:29:42Z" finished-at="2018-06-20T10:29:50Z">
          <reporter-output>
          </reporter-output>
        </test-method> <!-- setup -->
        <test-method status="PASS" signature="createAccountTest(java.lang.String, java.lang.String, java.lang.String, java.lang.String, java.lang.String, java.lang.String, java.lang.String, java.lang.String, java.lang.String, java.lang.String, java.lang.String, java.lang.String, java.lang.String, java.lang.String, java.lang.String, java.lang.String)[pri:0, instance:com.automationpractice.testcases.RegistrationPageTest@5622fdf]" name="createAccountTest" duration-ms="7368" started-at="2018-06-20T10:29:50Z" data-provider="provideTestData" finished-at="2018-06-20T10:29:57Z">
          <params>
            <param index="0">
              <value>
                <![CDATA[Mr.]]>
              </value>
            </param>
            <param index="1">
              <value>
                <![CDATA[FN]]>
              </value>
            </param>
            <param index="2">
              <value>
                <![CDATA[LN]]>
              </value>
            </param>
            <param index="3">
              <value>
                <![CDATA[FN1@LN1.com]]>
              </value>
            </param>
            <param index="4">
              <value>
                <![CDATA[broadband]]>
              </value>
            </param>
            <param index="5">
              <value>
                <![CDATA[9]]>
              </value>
            </param>
            <param index="6">
              <value>
                <![CDATA[2]]>
              </value>
            </param>
            <param index="7">
              <value>
                <![CDATA[1988]]>
              </value>
            </param>
            <param index="8">
              <value>
                <![CDATA[FN]]>
              </value>
            </param>
            <param index="9">
              <value>
                <![CDATA[LN]]>
              </value>
            </param>
            <param index="10">
              <value>
                <![CDATA[85 5th avenue]]>
              </value>
            </param>
            <param index="11">
              <value>
                <![CDATA[New York]]>
              </value>
            </param>
            <param index="12">
              <value>
                <![CDATA[32]]>
              </value>
            </param>
            <param index="13">
              <value>
                <![CDATA[10003]]>
              </value>
            </param>
            <param index="14">
              <value>
                <![CDATA[2147483647]]>
              </value>
            </param>
            <param index="15">
              <value>
                <![CDATA[testAddress1]]>
              </value>
            </param>
          </params>
          <reporter-output>
          </reporter-output>
        </test-method> <!-- createAccountTest -->
        <test-method status="PASS" signature="destroyBrowser()[pri:0, instance:com.automationpractice.testcases.RegistrationPageTest@5622fdf]" name="destroyBrowser" is-config="true" duration-ms="646" started-at="2018-06-20T10:29:57Z" finished-at="2018-06-20T10:29:58Z">
          <reporter-output>
          </reporter-output>
        </test-method> <!-- destroyBrowser -->
        <test-method status="PASS" signature="setup()[pri:0, instance:com.automationpractice.testcases.RegistrationPageTest@5622fdf]" name="setup" is-config="true" duration-ms="9084" started-at="2018-06-20T10:29:58Z" finished-at="2018-06-20T10:30:07Z">
          <reporter-output>
          </reporter-output>
        </test-method> <!-- setup -->
        <test-method status="PASS" signature="createAccountTest(java.lang.String, java.lang.String, java.lang.String, java.lang.String, java.lang.String, java.lang.String, java.lang.String, java.lang.String, java.lang.String, java.lang.String, java.lang.String, java.lang.String, java.lang.String, java.lang.String, java.lang.String, java.lang.String)[pri:0, instance:com.automationpractice.testcases.RegistrationPageTest@5622fdf]" name="createAccountTest" duration-ms="6875" started-at="2018-06-20T10:30:07Z" data-provider="provideTestData" finished-at="2018-06-20T10:30:14Z">
          <params>
            <param index="0">
              <value>
                <![CDATA[Mrs.]]>
              </value>
            </param>
            <param index="1">
              <value>
                <![CDATA[FN]]>
              </value>
            </param>
            <param index="2">
              <value>
                <![CDATA[LN]]>
              </value>
            </param>
            <param index="3">
              <value>
                <![CDATA[FN2@LN2.com]]>
              </value>
            </param>
            <param index="4">
              <value>
                <![CDATA[broadband]]>
              </value>
            </param>
            <param index="5">
              <value>
                <![CDATA[9]]>
              </value>
            </param>
            <param index="6">
              <value>
                <![CDATA[2]]>
              </value>
            </param>
            <param index="7">
              <value>
                <![CDATA[1988]]>
              </value>
            </param>
            <param index="8">
              <value>
                <![CDATA[FN]]>
              </value>
            </param>
            <param index="9">
              <value>
                <![CDATA[LN]]>
              </value>
            </param>
            <param index="10">
              <value>
                <![CDATA[86 5th avenue]]>
              </value>
            </param>
            <param index="11">
              <value>
                <![CDATA[New York]]>
              </value>
            </param>
            <param index="12">
              <value>
                <![CDATA[32]]>
              </value>
            </param>
            <param index="13">
              <value>
                <![CDATA[10003]]>
              </value>
            </param>
            <param index="14">
              <value>
                <![CDATA[2147483647]]>
              </value>
            </param>
            <param index="15">
              <value>
                <![CDATA[testAddress2]]>
              </value>
            </param>
          </params>
          <reporter-output>
          </reporter-output>
        </test-method> <!-- createAccountTest -->
        <test-method status="PASS" signature="destroyBrowser()[pri:0, instance:com.automationpractice.testcases.RegistrationPageTest@5622fdf]" name="destroyBrowser" is-config="true" duration-ms="873" started-at="2018-06-20T10:30:14Z" finished-at="2018-06-20T10:30:15Z">
          <reporter-output>
          </reporter-output>
        </test-method> <!-- destroyBrowser -->
        <test-method status="PASS" signature="setup()[pri:0, instance:com.automationpractice.testcases.RegistrationPageTest@5622fdf]" name="setup" is-config="true" duration-ms="7219" started-at="2018-06-20T10:30:15Z" finished-at="2018-06-20T10:30:22Z">
          <reporter-output>
          </reporter-output>
        </test-method> <!-- setup -->
        <test-method status="PASS" signature="createAccountTest(java.lang.String, java.lang.String, java.lang.String, java.lang.String, java.lang.String, java.lang.String, java.lang.String, java.lang.String, java.lang.String, java.lang.String, java.lang.String, java.lang.String, java.lang.String, java.lang.String, java.lang.String, java.lang.String)[pri:0, instance:com.automationpractice.testcases.RegistrationPageTest@5622fdf]" name="createAccountTest" duration-ms="6519" started-at="2018-06-20T10:30:22Z" data-provider="provideTestData" finished-at="2018-06-20T10:30:28Z">
          <params>
            <param index="0">
              <value>
                <![CDATA[Mr.]]>
              </value>
            </param>
            <param index="1">
              <value>
                <![CDATA[FN]]>
              </value>
            </param>
            <param index="2">
              <value>
                <![CDATA[LN]]>
              </value>
            </param>
            <param index="3">
              <value>
                <![CDATA[FN3@LN3.com]]>
              </value>
            </param>
            <param index="4">
              <value>
                <![CDATA[broadband]]>
              </value>
            </param>
            <param index="5">
              <value>
                <![CDATA[9]]>
              </value>
            </param>
            <param index="6">
              <value>
                <![CDATA[2]]>
              </value>
            </param>
            <param index="7">
              <value>
                <![CDATA[1988]]>
              </value>
            </param>
            <param index="8">
              <value>
                <![CDATA[FN]]>
              </value>
            </param>
            <param index="9">
              <value>
                <![CDATA[LN]]>
              </value>
            </param>
            <param index="10">
              <value>
                <![CDATA[87 5th avenue]]>
              </value>
            </param>
            <param index="11">
              <value>
                <![CDATA[New York]]>
              </value>
            </param>
            <param index="12">
              <value>
                <![CDATA[32]]>
              </value>
            </param>
            <param index="13">
              <value>
                <![CDATA[10003]]>
              </value>
            </param>
            <param index="14">
              <value>
                <![CDATA[2147483647]]>
              </value>
            </param>
            <param index="15">
              <value>
                <![CDATA[testAddress3]]>
              </value>
            </param>
          </params>
          <reporter-output>
          </reporter-output>
        </test-method> <!-- createAccountTest -->
        <test-method status="PASS" signature="destroyBrowser()[pri:0, instance:com.automationpractice.testcases.RegistrationPageTest@5622fdf]" name="destroyBrowser" is-config="true" duration-ms="662" started-at="2018-06-20T10:30:28Z" finished-at="2018-06-20T10:30:29Z">
          <reporter-output>
          </reporter-output>
        </test-method> <!-- destroyBrowser -->
        <test-method status="PASS" signature="setup()[pri:0, instance:com.automationpractice.testcases.RegistrationPageTest@5622fdf]" name="setup" is-config="true" duration-ms="8481" started-at="2018-06-20T10:30:29Z" finished-at="2018-06-20T10:30:38Z">
          <reporter-output>
          </reporter-output>
        </test-method> <!-- setup -->
        <test-method status="PASS" signature="createAccountTest(java.lang.String, java.lang.String, java.lang.String, java.lang.String, java.lang.String, java.lang.String, java.lang.String, java.lang.String, java.lang.String, java.lang.String, java.lang.String, java.lang.String, java.lang.String, java.lang.String, java.lang.String, java.lang.String)[pri:0, instance:com.automationpractice.testcases.RegistrationPageTest@5622fdf]" name="createAccountTest" duration-ms="7251" started-at="2018-06-20T10:30:38Z" data-provider="provideTestData" finished-at="2018-06-20T10:30:45Z">
          <params>
            <param index="0">
              <value>
                <![CDATA[Mrs.]]>
              </value>
            </param>
            <param index="1">
              <value>
                <![CDATA[FN]]>
              </value>
            </param>
            <param index="2">
              <value>
                <![CDATA[LN]]>
              </value>
            </param>
            <param index="3">
              <value>
                <![CDATA[FN4@LN4.com]]>
              </value>
            </param>
            <param index="4">
              <value>
                <![CDATA[broadband]]>
              </value>
            </param>
            <param index="5">
              <value>
                <![CDATA[9]]>
              </value>
            </param>
            <param index="6">
              <value>
                <![CDATA[2]]>
              </value>
            </param>
            <param index="7">
              <value>
                <![CDATA[1988]]>
              </value>
            </param>
            <param index="8">
              <value>
                <![CDATA[FN]]>
              </value>
            </param>
            <param index="9">
              <value>
                <![CDATA[LN]]>
              </value>
            </param>
            <param index="10">
              <value>
                <![CDATA[88 5th avenue]]>
              </value>
            </param>
            <param index="11">
              <value>
                <![CDATA[New York]]>
              </value>
            </param>
            <param index="12">
              <value>
                <![CDATA[32]]>
              </value>
            </param>
            <param index="13">
              <value>
                <![CDATA[10003]]>
              </value>
            </param>
            <param index="14">
              <value>
                <![CDATA[2147483647]]>
              </value>
            </param>
            <param index="15">
              <value>
                <![CDATA[testAddress4]]>
              </value>
            </param>
          </params>
          <reporter-output>
          </reporter-output>
        </test-method> <!-- createAccountTest -->
        <test-method status="PASS" signature="destroyBrowser()[pri:0, instance:com.automationpractice.testcases.RegistrationPageTest@5622fdf]" name="destroyBrowser" is-config="true" duration-ms="662" started-at="2018-06-20T10:30:45Z" finished-at="2018-06-20T10:30:45Z">
          <reporter-output>
          </reporter-output>
        </test-method> <!-- destroyBrowser -->
        <test-method status="PASS" signature="setup()[pri:0, instance:com.automationpractice.testcases.RegistrationPageTest@5622fdf]" name="setup" is-config="true" duration-ms="9620" started-at="2018-06-20T10:30:45Z" finished-at="2018-06-20T10:30:55Z">
          <reporter-output>
          </reporter-output>
        </test-method> <!-- setup -->
        <test-method status="PASS" signature="createAccountTest(java.lang.String, java.lang.String, java.lang.String, java.lang.String, java.lang.String, java.lang.String, java.lang.String, java.lang.String, java.lang.String, java.lang.String, java.lang.String, java.lang.String, java.lang.String, java.lang.String, java.lang.String, java.lang.String)[pri:0, instance:com.automationpractice.testcases.RegistrationPageTest@5622fdf]" name="createAccountTest" duration-ms="7436" started-at="2018-06-20T10:30:55Z" data-provider="provideTestData" finished-at="2018-06-20T10:31:02Z">
          <params>
            <param index="0">
              <value>
                <![CDATA[Mrs.]]>
              </value>
            </param>
            <param index="1">
              <value>
                <![CDATA[FN]]>
              </value>
            </param>
            <param index="2">
              <value>
                <![CDATA[LN]]>
              </value>
            </param>
            <param index="3">
              <value>
                <![CDATA[FN5@LN5.com]]>
              </value>
            </param>
            <param index="4">
              <value>
                <![CDATA[broadband]]>
              </value>
            </param>
            <param index="5">
              <value>
                <![CDATA[9]]>
              </value>
            </param>
            <param index="6">
              <value>
                <![CDATA[2]]>
              </value>
            </param>
            <param index="7">
              <value>
                <![CDATA[1988]]>
              </value>
            </param>
            <param index="8">
              <value>
                <![CDATA[FN]]>
              </value>
            </param>
            <param index="9">
              <value>
                <![CDATA[LN]]>
              </value>
            </param>
            <param index="10">
              <value>
                <![CDATA[89 5th avenue]]>
              </value>
            </param>
            <param index="11">
              <value>
                <![CDATA[New York]]>
              </value>
            </param>
            <param index="12">
              <value>
                <![CDATA[32]]>
              </value>
            </param>
            <param index="13">
              <value>
                <![CDATA[10003]]>
              </value>
            </param>
            <param index="14">
              <value>
                <![CDATA[2147483647]]>
              </value>
            </param>
            <param index="15">
              <value>
                <![CDATA[testAddress5]]>
              </value>
            </param>
          </params>
          <reporter-output>
          </reporter-output>
        </test-method> <!-- createAccountTest -->
        <test-method status="PASS" signature="destroyBrowser()[pri:0, instance:com.automationpractice.testcases.RegistrationPageTest@5622fdf]" name="destroyBrowser" is-config="true" duration-ms="655" started-at="2018-06-20T10:31:02Z" finished-at="2018-06-20T10:31:03Z">
          <reporter-output>
          </reporter-output>
        </test-method> <!-- destroyBrowser -->
        <test-method status="PASS" signature="setup()[pri:0, instance:com.automationpractice.testcases.RegistrationPageTest@5622fdf]" name="setup" is-config="true" duration-ms="8048" started-at="2018-06-20T10:31:03Z" finished-at="2018-06-20T10:31:11Z">
          <reporter-output>
          </reporter-output>
        </test-method> <!-- setup -->
        <test-method status="PASS" signature="createAccountTest(java.lang.String, java.lang.String, java.lang.String, java.lang.String, java.lang.String, java.lang.String, java.lang.String, java.lang.String, java.lang.String, java.lang.String, java.lang.String, java.lang.String, java.lang.String, java.lang.String, java.lang.String, java.lang.String)[pri:0, instance:com.automationpractice.testcases.RegistrationPageTest@5622fdf]" name="createAccountTest" duration-ms="7145" started-at="2018-06-20T10:31:11Z" data-provider="provideTestData" finished-at="2018-06-20T10:31:18Z">
          <params>
            <param index="0">
              <value>
                <![CDATA[Mrs.]]>
              </value>
            </param>
            <param index="1">
              <value>
                <![CDATA[FN]]>
              </value>
            </param>
            <param index="2">
              <value>
                <![CDATA[LN]]>
              </value>
            </param>
            <param index="3">
              <value>
                <![CDATA[FN6@LN6.com]]>
              </value>
            </param>
            <param index="4">
              <value>
                <![CDATA[broadband]]>
              </value>
            </param>
            <param index="5">
              <value>
                <![CDATA[9]]>
              </value>
            </param>
            <param index="6">
              <value>
                <![CDATA[2]]>
              </value>
            </param>
            <param index="7">
              <value>
                <![CDATA[1988]]>
              </value>
            </param>
            <param index="8">
              <value>
                <![CDATA[FN]]>
              </value>
            </param>
            <param index="9">
              <value>
                <![CDATA[LN]]>
              </value>
            </param>
            <param index="10">
              <value>
                <![CDATA[90 5th avenue]]>
              </value>
            </param>
            <param index="11">
              <value>
                <![CDATA[New York]]>
              </value>
            </param>
            <param index="12">
              <value>
                <![CDATA[32]]>
              </value>
            </param>
            <param index="13">
              <value>
                <![CDATA[10003]]>
              </value>
            </param>
            <param index="14">
              <value>
                <![CDATA[2147483647]]>
              </value>
            </param>
            <param index="15">
              <value>
                <![CDATA[testAddress6]]>
              </value>
            </param>
          </params>
          <reporter-output>
          </reporter-output>
        </test-method> <!-- createAccountTest -->
        <test-method status="PASS" signature="destroyBrowser()[pri:0, instance:com.automationpractice.testcases.RegistrationPageTest@5622fdf]" name="destroyBrowser" is-config="true" duration-ms="639" started-at="2018-06-20T10:31:18Z" finished-at="2018-06-20T10:31:19Z">
          <reporter-output>
          </reporter-output>
        </test-method> <!-- destroyBrowser -->
      </class> <!-- com.automationpractice.testcases.RegistrationPageTest -->
    </test> <!-- Default test -->
  </suite> <!-- Default suite -->
</testng-results>
