<?xml version="1.0" encoding="UTF-8"?>
<testng-results skipped="0" failed="0" ignored="0" total="1" passed="1">
  <reporter-output>
  </reporter-output>
  <suite name="Default suite" duration-ms="15635" started-at="2019-06-23T09:04:06Z" finished-at="2019-06-23T09:04:21Z">
    <groups>
    </groups>
    <test name="Default test" duration-ms="15635" started-at="2019-06-23T09:04:06Z" finished-at="2019-06-23T09:04:21Z">
      <class name="com.automationpractice.testcases.LoginPageTest">
        <test-method status="PASS" signature="beforeMethod()[pri:0, instance:com.automationpractice.testcases.LoginPageTest@69ea3742]" name="beforeMethod" is-config="true" duration-ms="11642" started-at="2019-06-23T09:04:06Z" finished-at="2019-06-23T09:04:17Z">
          <reporter-output>
          </reporter-output>
        </test-method> <!-- beforeMethod -->
        <test-method status="PASS" signature="f()[pri:0, instance:com.automationpractice.testcases.LoginPageTest@69ea3742]" name="f" duration-ms="3241" started-at="2019-06-23T09:04:17Z" finished-at="2019-06-23T09:04:20Z">
          <reporter-output>
          </reporter-output>
        </test-method> <!-- f -->
        <test-method status="PASS" signature="afterMethod()[pri:0, instance:com.automationpractice.testcases.LoginPageTest@69ea3742]" name="afterMethod" is-config="true" duration-ms="730" started-at="2019-06-23T09:04:20Z" finished-at="2019-06-23T09:04:21Z">
          <reporter-output>
          </reporter-output>
        </test-method> <!-- afterMethod -->
      </class> <!-- com.automationpractice.testcases.LoginPageTest -->
    </test> <!-- Default test -->
  </suite> <!-- Default suite -->
</testng-results>
