<?xml version="1.0" encoding="UTF-8"?>
<testng-results skipped="0" failed="1" ignored="0" total="2" passed="1">
  <reporter-output>
  </reporter-output>
  <suite name="Command line suite" duration-ms="8607" started-at="2018-06-20T06:50:05Z" finished-at="2018-06-20T06:50:14Z">
    <groups>
    </groups>
    <test name="Command line test" duration-ms="8607" started-at="2018-06-20T06:50:05Z" finished-at="2018-06-20T06:50:14Z">
      <class name="com.automationpractice.testcases.RegistrationPageTest">
        <test-method status="FAIL" signature="createAccountTest(java.lang.String, java.lang.String, java.lang.String, java.lang.String, java.lang.String, java.lang.String, java.lang.String, java.lang.String, java.lang.String, java.lang.String, java.lang.String, java.lang.String, java.lang.String, java.lang.String, java.lang.String, java.lang.String)[pri:0, instance:com.automationpractice.testcases.RegistrationPageTest@1e67b872]" name="createAccountTest" duration-ms="0" started-at="2018-06-20T06:50:14Z" data-provider="provideTestData" finished-at="2018-06-20T06:50:14Z">
          <exception class="org.testng.TestNGException">
            <message>
              <![CDATA[
Some DataProvider public java.lang.Object[][] com.automationpractice.testcases.RegistrationPageTest.provideData(java.lang.String) parameters unresolved:  at 0 type class java.lang.String
]]>
            </message>
            <full-stacktrace>
              <![CDATA[org.testng.TestNGException: 
Some DataProvider public java.lang.Object[][] com.automationpractice.testcases.RegistrationPageTest.provideData(java.lang.String) parameters unresolved:  at 0 type class java.lang.String

at org.testng.internal.MethodInvocationHelper.getParameters(MethodInvocationHelper.java:197)
at org.testng.internal.MethodInvocationHelper.invokeDataProvider(MethodInvocationHelper.java:130)
at org.testng.internal.Parameters.handleParameters(Parameters.java:706)
at org.testng.internal.ParameterHandler.handleParameters(ParameterHandler.java:49)
at org.testng.internal.ParameterHandler.createParameters(ParameterHandler.java:37)
at org.testng.internal.Invoker.invokeTestMethods(Invoker.java:924)
at org.testng.internal.TestMethodWorker.invokeTestMethods(TestMethodWorker.java:125)
at org.testng.internal.TestMethodWorker.run(TestMethodWorker.java:109)
at org.testng.TestRunner.privateRun(TestRunner.java:648)
at org.testng.TestRunner.run(TestRunner.java:505)
at org.testng.SuiteRunner.runTest(SuiteRunner.java:455)
at org.testng.SuiteRunner.runSequentially(SuiteRunner.java:450)
at org.testng.SuiteRunner.privateRun(SuiteRunner.java:415)
at org.testng.SuiteRunner.run(SuiteRunner.java:364)
at org.testng.SuiteRunnerWorker.runSuite(SuiteRunnerWorker.java:52)
at org.testng.SuiteRunnerWorker.run(SuiteRunnerWorker.java:84)
at org.testng.TestNG.runSuitesSequentially(TestNG.java:1208)
at org.testng.TestNG.runSuitesLocally(TestNG.java:1137)
at org.testng.TestNG.runSuites(TestNG.java:1049)
at org.testng.TestNG.run(TestNG.java:1017)
at org.apache.maven.surefire.testng.TestNGExecutor.run(TestNGExecutor.java:77)
at org.apache.maven.surefire.testng.TestNGDirectoryTestSuite.executeMulti(TestNGDirectoryTestSuite.java:159)
at org.apache.maven.surefire.testng.TestNGDirectoryTestSuite.execute(TestNGDirectoryTestSuite.java:99)
at org.apache.maven.surefire.testng.TestNGProvider.invoke(TestNGProvider.java:106)
at sun.reflect.NativeMethodAccessorImpl.invoke0(Native Method)
at sun.reflect.NativeMethodAccessorImpl.invoke(NativeMethodAccessorImpl.java:62)
at sun.reflect.DelegatingMethodAccessorImpl.invoke(DelegatingMethodAccessorImpl.java:43)
at java.lang.reflect.Method.invoke(Method.java:498)
at org.apache.maven.surefire.util.ReflectionUtils.invokeMethodWithArray(ReflectionUtils.java:189)
at org.apache.maven.surefire.booter.ProviderFactory$ProviderProxy.invoke(ProviderFactory.java:165)
at org.apache.maven.surefire.booter.ProviderFactory.invokeProvider(ProviderFactory.java:85)
at org.apache.maven.surefire.booter.ForkedBooter.runSuitesInProcess(ForkedBooter.java:115)
at org.apache.maven.surefire.booter.ForkedBooter.main(ForkedBooter.java:75)
]]>
            </full-stacktrace>
          </exception> <!-- org.testng.TestNGException -->
          <reporter-output>
          </reporter-output>
        </test-method> <!-- createAccountTest -->
      </class> <!-- com.automationpractice.testcases.RegistrationPageTest -->
      <class name="com.automationpractice.testcases.LoginPageTest">
        <test-method status="PASS" signature="beforeMethod()[pri:0, instance:com.automationpractice.testcases.LoginPageTest@5d624da6]" name="beforeMethod" is-config="true" duration-ms="6910" started-at="2018-06-20T06:50:05Z" finished-at="2018-06-20T06:50:12Z">
          <reporter-output>
          </reporter-output>
        </test-method> <!-- beforeMethod -->
        <test-method status="PASS" signature="f()[pri:0, instance:com.automationpractice.testcases.LoginPageTest@5d624da6]" name="f" duration-ms="1058" started-at="2018-06-20T06:50:12Z" finished-at="2018-06-20T06:50:13Z">
          <reporter-output>
          </reporter-output>
        </test-method> <!-- f -->
        <test-method status="PASS" signature="afterMethod()[pri:0, instance:com.automationpractice.testcases.LoginPageTest@5d624da6]" name="afterMethod" is-config="true" duration-ms="618" started-at="2018-06-20T06:50:13Z" finished-at="2018-06-20T06:50:14Z">
          <reporter-output>
          </reporter-output>
        </test-method> <!-- afterMethod -->
      </class> <!-- com.automationpractice.testcases.LoginPageTest -->
    </test> <!-- Command line test -->
  </suite> <!-- Command line suite -->
</testng-results>
